<?xml version="1.0" encoding="UTF-8"?>
<!-- Generated by org.testng.reporters.JUnitReportReporter -->
<testsuite hostname="Manoj-Yadav" failures="0" tests="1" name="com.project.staragile.banking.TestNGStar" time="4.958" errors="0" timestamp="2023-11-20T14:47:14 IST" skipped="0">
  <testcase classname="com.project.staragile.banking.TestNGStar" name="verifyPageContent" time="4.958"/>
  <system-out/>
</testsuite> <!-- com.project.staragile.banking.TestNGStar -->
